Determining if the pthread_create exist failed with the following output:
Change Dir: /home/im/catkin_ws/build/CMakeFiles/CMakeTmp

Run Build Command:"/usr/bin/make" "cmTC_04e69/fast"
/usr/bin/make -f CMakeFiles/cmTC_04e69.dir/build.make CMakeFiles/cmTC_04e69.dir/build
make[1]: 디렉터리 '/home/im/catkin_ws/build/CMakeFiles/CMakeTmp' 들어감
Building C object CMakeFiles/cmTC_04e69.dir/CheckSymbolExists.c.o
/usr/bin/cc    -o CMakeFiles/cmTC_04e69.dir/CheckSymbolExists.c.o   -c /home/im/catkin_ws/build/CMakeFiles/CMakeTmp/CheckSymbolExists.c
Linking C executable cmTC_04e69
/usr/bin/cmake -E cmake_link_script CMakeFiles/cmTC_04e69.dir/link.txt --verbose=1
/usr/bin/cc      -rdynamic CMakeFiles/cmTC_04e69.dir/CheckSymbolExists.c.o  -o cmTC_04e69 
CMakeFiles/cmTC_04e69.dir/CheckSymbolExists.c.o: In function `main':
CheckSymbolExists.c:(.text+0x14): undefined reference to `pthread_create'
CheckSymbolExists.c:(.text+0x18): undefined reference to `pthread_create'
collect2: error: ld returned 1 exit status
CMakeFiles/cmTC_04e69.dir/build.make:97: recipe for target 'cmTC_04e69' failed
make[1]: *** [cmTC_04e69] Error 1
make[1]: 디렉터리 '/home/im/catkin_ws/build/CMakeFiles/CMakeTmp' 나감
Makefile:126: recipe for target 'cmTC_04e69/fast' failed
make: *** [cmTC_04e69/fast] Error 2

File /home/im/catkin_ws/build/CMakeFiles/CMakeTmp/CheckSymbolExists.c:
/* */
#include <pthread.h>

int main(int argc, char** argv)
{
  (void)argv;
#ifndef pthread_create
  return ((int*)(&pthread_create))[argc];
#else
  (void)argc;
  return 0;
#endif
}

Determining if the function pthread_create exists in the pthreads failed with the following output:
Change Dir: /home/im/catkin_ws/build/CMakeFiles/CMakeTmp

Run Build Command:"/usr/bin/make" "cmTC_1dff2/fast"
/usr/bin/make -f CMakeFiles/cmTC_1dff2.dir/build.make CMakeFiles/cmTC_1dff2.dir/build
make[1]: 디렉터리 '/home/im/catkin_ws/build/CMakeFiles/CMakeTmp' 들어감
Building C object CMakeFiles/cmTC_1dff2.dir/CheckFunctionExists.c.o
/usr/bin/cc   -DCHECK_FUNCTION_EXISTS=pthread_create   -o CMakeFiles/cmTC_1dff2.dir/CheckFunctionExists.c.o   -c /usr/share/cmake-3.10/Modules/CheckFunctionExists.c
Linking C executable cmTC_1dff2
/usr/bin/cmake -E cmake_link_script CMakeFiles/cmTC_1dff2.dir/link.txt --verbose=1
/usr/bin/cc  -DCHECK_FUNCTION_EXISTS=pthread_create    -rdynamic CMakeFiles/cmTC_1dff2.dir/CheckFunctionExists.c.o  -o cmTC_1dff2 -lpthreads 
/usr/bin/ld: cannot find -lpthreads
collect2: error: ld returned 1 exit status
CMakeFiles/cmTC_1dff2.dir/build.make:97: recipe for target 'cmTC_1dff2' failed
make[1]: *** [cmTC_1dff2] Error 1
make[1]: 디렉터리 '/home/im/catkin_ws/build/CMakeFiles/CMakeTmp' 나감
Makefile:126: recipe for target 'cmTC_1dff2/fast' failed
make: *** [cmTC_1dff2/fast] Error 2


